<?xml version="1.0" encoding="UTF-8"?>
<coverage generated="1542182114476" clover="3.2.0">
  <project timestamp="1542182114479" name="All files">
    <metrics statements="85" coveredstatements="27" conditionals="26" coveredconditionals="1" methods="12" coveredmethods="2" elements="123" coveredelements="30" complexity="0" loc="85" ncloc="85" packages="2" files="2" classes="2">
      <package name="src">
        <metrics statements="13" coveredstatements="13" conditionals="2" coveredconditionals="1" methods="1" coveredmethods="1"/>
        <file name="index.js" path="/home/itspck/Integration/continuous integration/src/index.js">
          <metrics statements="13" coveredstatements="13" conditionals="2" coveredconditionals="1" methods="1" coveredmethods="1"/>
          <line num="1" count="1" type="stmt"/>
          <line num="6" count="1" type="stmt"/>
          <line num="7" count="1" type="stmt"/>
          <line num="10" count="1" type="stmt"/>
          <line num="11" count="1" type="stmt"/>
          <line num="14" count="1" type="stmt"/>
          <line num="17" count="1" type="stmt"/>
          <line num="19" count="1" type="stmt"/>
          <line num="22" count="1" type="stmt"/>
          <line num="23" count="1" type="stmt"/>
          <line num="26" count="1" type="stmt"/>
          <line num="30" count="1" type="cond" truecount="1" falsecount="1"/>
          <line num="31" count="1" type="stmt"/>
        </file>
      </package>
      <package name="src.controllers">
        <metrics statements="72" coveredstatements="14" conditionals="24" coveredconditionals="0" methods="11" coveredmethods="1"/>
        <file name="index.js" path="/home/itspck/Integration/continuous integration/src/controllers/index.js">
          <metrics statements="72" coveredstatements="14" conditionals="24" coveredconditionals="0" methods="11" coveredmethods="1"/>
          <line num="1" count="1" type="stmt"/>
          <line num="2" count="1" type="stmt"/>
          <line num="3" count="1" type="stmt"/>
          <line num="4" count="1" type="stmt"/>
          <line num="5" count="1" type="stmt"/>
          <line num="8" count="1" type="stmt"/>
          <line num="9" count="1" type="stmt"/>
          <line num="12" count="1" type="stmt"/>
          <line num="13" count="1" type="stmt"/>
          <line num="16" count="1" type="stmt"/>
          <line num="17" count="0" type="stmt"/>
          <line num="18" count="0" type="stmt"/>
          <line num="19" count="0" type="stmt"/>
          <line num="20" count="0" type="stmt"/>
          <line num="23" count="1" type="stmt"/>
          <line num="24" count="0" type="cond" truecount="0" falsecount="2"/>
          <line num="25" count="0" type="stmt"/>
          <line num="30" count="0" type="stmt"/>
          <line num="31" count="0" type="cond" truecount="0" falsecount="2"/>
          <line num="32" count="0" type="stmt"/>
          <line num="33" count="0" type="stmt"/>
          <line num="35" count="0" type="stmt"/>
          <line num="36" count="0" type="stmt"/>
          <line num="37" count="0" type="stmt"/>
          <line num="38" count="0" type="stmt"/>
          <line num="40" count="0" type="cond" truecount="0" falsecount="2"/>
          <line num="41" count="0" type="stmt"/>
          <line num="47" count="0" type="stmt"/>
          <line num="48" count="0" type="stmt"/>
          <line num="49" count="0" type="cond" truecount="0" falsecount="2"/>
          <line num="50" count="0" type="stmt"/>
          <line num="53" count="0" type="stmt"/>
          <line num="56" count="0" type="stmt"/>
          <line num="60" count="0" type="stmt"/>
          <line num="64" count="1" type="stmt"/>
          <line num="65" count="0" type="cond" truecount="0" falsecount="2"/>
          <line num="66" count="0" type="stmt"/>
          <line num="70" count="0" type="stmt"/>
          <line num="71" count="0" type="cond" truecount="0" falsecount="2"/>
          <line num="72" count="0" type="stmt"/>
          <line num="73" count="0" type="stmt"/>
          <line num="75" count="0" type="stmt"/>
          <line num="76" count="0" type="stmt"/>
          <line num="77" count="0" type="stmt"/>
          <line num="78" count="0" type="stmt"/>
          <line num="80" count="0" type="cond" truecount="0" falsecount="2"/>
          <line num="81" count="0" type="stmt"/>
          <line num="83" count="0" type="cond" truecount="0" falsecount="2"/>
          <line num="84" count="0" type="stmt"/>
          <line num="85" count="0" type="stmt"/>
          <line num="87" count="0" type="stmt"/>
          <line num="92" count="0" type="stmt"/>
          <line num="96" count="1" type="stmt"/>
          <line num="97" count="0" type="stmt"/>
          <line num="98" count="0" type="stmt"/>
          <line num="99" count="0" type="stmt"/>
          <line num="100" count="0" type="stmt"/>
          <line num="102" count="0" type="cond" truecount="0" falsecount="2"/>
          <line num="103" count="0" type="stmt"/>
          <line num="112" count="0" type="cond" truecount="0" falsecount="2"/>
          <line num="113" count="0" type="stmt"/>
          <line num="115" count="0" type="stmt"/>
          <line num="116" count="0" type="stmt"/>
          <line num="117" count="0" type="stmt"/>
          <line num="118" count="0" type="cond" truecount="0" falsecount="2"/>
          <line num="119" count="0" type="stmt"/>
          <line num="122" count="0" type="stmt"/>
          <line num="125" count="0" type="stmt"/>
          <line num="130" count="1" type="stmt"/>
          <line num="131" count="0" type="cond" truecount="0" falsecount="2"/>
          <line num="132" count="0" type="stmt"/>
          <line num="134" count="0" type="stmt"/>
        </file>
      </package>
    </metrics>
  </project>
</coverage>
