{"/home/itspck/Integration/continuous integration/src/index.js": {"path":"/home/itspck/Integration/continuous integration/src/index.js","statementMap":{"0":{"start":{"line":1,"column":0},"end":{"line":1,"column":27}},"1":{"start":{"line":6,"column":16},"end":{"line":6,"column":42}},"2":{"start":{"line":7,"column":12},"end":{"line":7,"column":21}},"3":{"start":{"line":10,"column":0},"end":{"line":10,"column":30}},"4":{"start":{"line":11,"column":0},"end":{"line":11,"column":49}},"5":{"start":{"line":14,"column":0},"end":{"line":14,"column":23}},"6":{"start":{"line":17,"column":0},"end":{"line":17,"column":48}},"7":{"start":{"line":19,"column":0},"end":{"line":19,"column":120}},"8":{"start":{"line":22,"column":0},"end":{"line":22,"column":45}},"9":{"start":{"line":23,"column":0},"end":{"line":23,"column":46}},"10":{"start":{"line":26,"column":0},"end":{"line":26,"column":26}},"11":{"start":{"line":30,"column":22},"end":{"line":32,"column":1}},"12":{"start":{"line":31,"column":2},"end":{"line":31,"column":63}}},"fnMap":{"0":{"name":"(anonymous_0)","decl":{"start":{"line":30,"column":63},"end":{"line":30,"column":64}},"loc":{"start":{"line":31,"column":2},"end":{"line":31,"column":63}},"line":31}},"branchMap":{"0":{"loc":{"start":{"line":30,"column":33},"end":{"line":30,"column":61}},"type":"binary-expr","locations":[{"start":{"line":30,"column":33},"end":{"line":30,"column":53}},{"start":{"line":30,"column":57},"end":{"line":30,"column":61}}],"line":30}},"s":{"0":1,"1":1,"2":1,"3":1,"4":1,"5":1,"6":1,"7":1,"8":1,"9":1,"10":1,"11":1,"12":1},"f":{"0":1},"b":{"0":[1,0]},"_coverageSchema":"332fd63041d2c1bcb487cc26dd0d5f7d97098a6c","hash":"c1fded348db9abc37f1ef0d7e7c5be3f1d9ae94d"}
,"/home/itspck/Integration/continuous integration/src/controllers/index.js": {"path":"/home/itspck/Integration/continuous integration/src/controllers/index.js","statementMap":{"0":{"start":{"line":1,"column":16},"end":{"line":1,"column":34}},"1":{"start":{"line":2,"column":12},"end":{"line":2,"column":21}},"2":{"start":{"line":3,"column":11},"end":{"line":3,"column":24}},"3":{"start":{"line":4,"column":19},"end":{"line":4,"column":40}},"4":{"start":{"line":5,"column":12},"end":{"line":5,"column":26}},"5":{"start":{"line":8,"column":0},"end":{"line":8,"column":23}},"6":{"start":{"line":9,"column":15},"end":{"line":9,"column":31}},"7":{"start":{"line":12,"column":0},"end":{"line":14,"column":3}},"8":{"start":{"line":13,"column":2},"end":{"line":13,"column":22}},"9":{"start":{"line":16,"column":0},"end":{"line":21,"column":3}},"10":{"start":{"line":17,"column":13},"end":{"line":17,"column":56}},"11":{"start":{"line":18,"column":14},"end":{"line":18,"column":30}},"12":{"start":{"line":19,"column":2},"end":{"line":19,"column":20}},"13":{"start":{"line":20,"column":2},"end":{"line":20,"column":41}},"14":{"start":{"line":23,"column":0},"end":{"line":62,"column":2}},"15":{"start":{"line":24,"column":2},"end":{"line":61,"column":3}},"16":{"start":{"line":25,"column":19},"end":{"line":29,"column":5}},"17":{"start":{"line":30,"column":23},"end":{"line":30,"column":52}},"18":{"start":{"line":31,"column":4},"end":{"line":58,"column":5}},"19":{"start":{"line":32,"column":6},"end":{"line":32,"column":44}},"20":{"start":{"line":33,"column":6},"end":{"line":33,"column":12}},"21":{"start":{"line":35,"column":17},"end":{"line":35,"column":59}},"22":{"start":{"line":36,"column":16},"end":{"line":36,"column":32}},"23":{"start":{"line":37,"column":18},"end":{"line":39,"column":8}},"24":{"start":{"line":38,"column":8},"end":{"line":38,"column":39}},"25":{"start":{"line":40,"column":6},"end":{"line":57,"column":7}},"26":{"start":{"line":41,"column":24},"end":{"line":46,"column":9}},"27":{"start":{"line":47,"column":8},"end":{"line":47,"column":25}},"28":{"start":{"line":48,"column":8},"end":{"line":52,"column":10}},"29":{"start":{"line":49,"column":10},"end":{"line":51,"column":11}},"30":{"start":{"line":50,"column":12},"end":{"line":50,"column":28}},"31":{"start":{"line":53,"column":8},"end":{"line":53,"column":25}},"32":{"start":{"line":56,"column":8},"end":{"line":56,"column":57}},"33":{"start":{"line":60,"column":4},"end":{"line":60,"column":51}},"34":{"start":{"line":64,"column":0},"end":{"line":94,"column":2}},"35":{"start":{"line":65,"column":2},"end":{"line":93,"column":3}},"36":{"start":{"line":66,"column":19},"end":{"line":69,"column":5}},"37":{"start":{"line":70,"column":23},"end":{"line":70,"column":53}},"38":{"start":{"line":71,"column":4},"end":{"line":90,"column":5}},"39":{"start":{"line":72,"column":6},"end":{"line":72,"column":44}},"40":{"start":{"line":73,"column":6},"end":{"line":73,"column":12}},"41":{"start":{"line":75,"column":17},"end":{"line":75,"column":59}},"42":{"start":{"line":76,"column":16},"end":{"line":76,"column":32}},"43":{"start":{"line":77,"column":18},"end":{"line":79,"column":8}},"44":{"start":{"line":78,"column":8},"end":{"line":78,"column":39}},"45":{"start":{"line":80,"column":6},"end":{"line":89,"column":7}},"46":{"start":{"line":81,"column":8},"end":{"line":81,"column":54}},"47":{"start":{"line":83,"column":8},"end":{"line":88,"column":9}},"48":{"start":{"line":84,"column":10},"end":{"line":84,"column":39}},"49":{"start":{"line":85,"column":10},"end":{"line":85,"column":31}},"50":{"start":{"line":87,"column":10},"end":{"line":87,"column":55}},"51":{"start":{"line":92,"column":4},"end":{"line":92,"column":51}},"52":{"start":{"line":96,"column":0},"end":{"line":128,"column":2}},"53":{"start":{"line":97,"column":13},"end":{"line":97,"column":56}},"54":{"start":{"line":98,"column":12},"end":{"line":98,"column":28}},"55":{"start":{"line":99,"column":14},"end":{"line":101,"column":4}},"56":{"start":{"line":100,"column":4},"end":{"line":100,"column":35}},"57":{"start":{"line":102,"column":2},"end":{"line":126,"column":3}},"58":{"start":{"line":103,"column":21},"end":{"line":109,"column":5}},"59":{"start":{"line":112,"column":4},"end":{"line":114,"column":5}},"60":{"start":{"line":113,"column":6},"end":{"line":113,"column":49}},"61":{"start":{"line":115,"column":4},"end":{"line":115,"column":22}},"62":{"start":{"line":116,"column":4},"end":{"line":116,"column":20}},"63":{"start":{"line":117,"column":4},"end":{"line":121,"column":6}},"64":{"start":{"line":118,"column":6},"end":{"line":120,"column":7}},"65":{"start":{"line":119,"column":8},"end":{"line":119,"column":29}},"66":{"start":{"line":122,"column":4},"end":{"line":122,"column":22}},"67":{"start":{"line":125,"column":4},"end":{"line":125,"column":48}},"68":{"start":{"line":130,"column":0},"end":{"line":136,"column":2}},"69":{"start":{"line":131,"column":2},"end":{"line":135,"column":3}},"70":{"start":{"line":132,"column":4},"end":{"line":132,"column":33}},"71":{"start":{"line":134,"column":4},"end":{"line":134,"column":33}}},"fnMap":{"0":{"name":"(anonymous_0)","decl":{"start":{"line":12,"column":16},"end":{"line":12,"column":17}},"loc":{"start":{"line":12,"column":30},"end":{"line":14,"column":1}},"line":12},"1":{"name":"(anonymous_1)","decl":{"start":{"line":16,"column":21},"end":{"line":16,"column":22}},"loc":{"start":{"line":16,"column":35},"end":{"line":21,"column":1}},"line":16},"2":{"name":"(anonymous_2)","decl":{"start":{"line":23,"column":23},"end":{"line":23,"column":24}},"loc":{"start":{"line":23,"column":37},"end":{"line":62,"column":1}},"line":23},"3":{"name":"(anonymous_3)","decl":{"start":{"line":37,"column":27},"end":{"line":37,"column":28}},"loc":{"start":{"line":37,"column":38},"end":{"line":39,"column":7}},"line":37},"4":{"name":"(anonymous_4)","decl":{"start":{"line":48,"column":68},"end":{"line":48,"column":69}},"loc":{"start":{"line":48,"column":83},"end":{"line":52,"column":9}},"line":48},"5":{"name":"(anonymous_5)","decl":{"start":{"line":64,"column":21},"end":{"line":64,"column":22}},"loc":{"start":{"line":64,"column":33},"end":{"line":94,"column":1}},"line":64},"6":{"name":"(anonymous_6)","decl":{"start":{"line":77,"column":32},"end":{"line":77,"column":33}},"loc":{"start":{"line":77,"column":43},"end":{"line":79,"column":7}},"line":77},"7":{"name":"(anonymous_7)","decl":{"start":{"line":96,"column":26},"end":{"line":96,"column":27}},"loc":{"start":{"line":96,"column":38},"end":{"line":128,"column":1}},"line":96},"8":{"name":"(anonymous_8)","decl":{"start":{"line":99,"column":23},"end":{"line":99,"column":24}},"loc":{"start":{"line":99,"column":34},"end":{"line":101,"column":3}},"line":99},"9":{"name":"(anonymous_9)","decl":{"start":{"line":117,"column":64},"end":{"line":117,"column":65}},"loc":{"start":{"line":117,"column":79},"end":{"line":121,"column":5}},"line":117},"10":{"name":"(anonymous_10)","decl":{"start":{"line":130,"column":25},"end":{"line":130,"column":26}},"loc":{"start":{"line":130,"column":37},"end":{"line":136,"column":1}},"line":130}},"branchMap":{"0":{"loc":{"start":{"line":24,"column":2},"end":{"line":61,"column":3}},"type":"if","locations":[{"start":{"line":24,"column":2},"end":{"line":61,"column":3}},{"start":{"line":24,"column":2},"end":{"line":61,"column":3}}],"line":24},"1":{"loc":{"start":{"line":31,"column":4},"end":{"line":58,"column":5}},"type":"if","locations":[{"start":{"line":31,"column":4},"end":{"line":58,"column":5}},{"start":{"line":31,"column":4},"end":{"line":58,"column":5}}],"line":31},"2":{"loc":{"start":{"line":40,"column":6},"end":{"line":57,"column":7}},"type":"if","locations":[{"start":{"line":40,"column":6},"end":{"line":57,"column":7}},{"start":{"line":40,"column":6},"end":{"line":57,"column":7}}],"line":40},"3":{"loc":{"start":{"line":49,"column":10},"end":{"line":51,"column":11}},"type":"if","locations":[{"start":{"line":49,"column":10},"end":{"line":51,"column":11}},{"start":{"line":49,"column":10},"end":{"line":51,"column":11}}],"line":49},"4":{"loc":{"start":{"line":65,"column":2},"end":{"line":93,"column":3}},"type":"if","locations":[{"start":{"line":65,"column":2},"end":{"line":93,"column":3}},{"start":{"line":65,"column":2},"end":{"line":93,"column":3}}],"line":65},"5":{"loc":{"start":{"line":71,"column":4},"end":{"line":90,"column":5}},"type":"if","locations":[{"start":{"line":71,"column":4},"end":{"line":90,"column":5}},{"start":{"line":71,"column":4},"end":{"line":90,"column":5}}],"line":71},"6":{"loc":{"start":{"line":80,"column":6},"end":{"line":89,"column":7}},"type":"if","locations":[{"start":{"line":80,"column":6},"end":{"line":89,"column":7}},{"start":{"line":80,"column":6},"end":{"line":89,"column":7}}],"line":80},"7":{"loc":{"start":{"line":83,"column":8},"end":{"line":88,"column":9}},"type":"if","locations":[{"start":{"line":83,"column":8},"end":{"line":88,"column":9}},{"start":{"line":83,"column":8},"end":{"line":88,"column":9}}],"line":83},"8":{"loc":{"start":{"line":102,"column":2},"end":{"line":126,"column":3}},"type":"if","locations":[{"start":{"line":102,"column":2},"end":{"line":126,"column":3}},{"start":{"line":102,"column":2},"end":{"line":126,"column":3}}],"line":102},"9":{"loc":{"start":{"line":112,"column":4},"end":{"line":114,"column":5}},"type":"if","locations":[{"start":{"line":112,"column":4},"end":{"line":114,"column":5}},{"start":{"line":112,"column":4},"end":{"line":114,"column":5}}],"line":112},"10":{"loc":{"start":{"line":118,"column":6},"end":{"line":120,"column":7}},"type":"if","locations":[{"start":{"line":118,"column":6},"end":{"line":120,"column":7}},{"start":{"line":118,"column":6},"end":{"line":120,"column":7}}],"line":118},"11":{"loc":{"start":{"line":131,"column":2},"end":{"line":135,"column":3}},"type":"if","locations":[{"start":{"line":131,"column":2},"end":{"line":135,"column":3}},{"start":{"line":131,"column":2},"end":{"line":135,"column":3}}],"line":131}},"s":{"0":1,"1":1,"2":1,"3":1,"4":1,"5":1,"6":1,"7":1,"8":1,"9":1,"10":0,"11":0,"12":0,"13":0,"14":1,"15":0,"16":0,"17":0,"18":0,"19":0,"20":0,"21":0,"22":0,"23":0,"24":0,"25":0,"26":0,"27":0,"28":0,"29":0,"30":0,"31":0,"32":0,"33":0,"34":1,"35":0,"36":0,"37":0,"38":0,"39":0,"40":0,"41":0,"42":0,"43":0,"44":0,"45":0,"46":0,"47":0,"48":0,"49":0,"50":0,"51":0,"52":1,"53":0,"54":0,"55":0,"56":0,"57":0,"58":0,"59":0,"60":0,"61":0,"62":0,"63":0,"64":0,"65":0,"66":0,"67":0,"68":1,"69":0,"70":0,"71":0},"f":{"0":1,"1":0,"2":0,"3":0,"4":0,"5":0,"6":0,"7":0,"8":0,"9":0,"10":0},"b":{"0":[0,0],"1":[0,0],"2":[0,0],"3":[0,0],"4":[0,0],"5":[0,0],"6":[0,0],"7":[0,0],"8":[0,0],"9":[0,0],"10":[0,0],"11":[0,0]},"_coverageSchema":"332fd63041d2c1bcb487cc26dd0d5f7d97098a6c","hash":"5e933aa3e5cc3201a5e480bddc0773ea6c31c879"}
}
