{"/home/itspck/Integration/continuous integration/src/index.js": {"path":"/home/itspck/Integration/continuous integration/src/index.js","statementMap":{"0":{"start":{"line":1,"column":0},"end":{"line":1,"column":27}},"1":{"start":{"line":6,"column":16},"end":{"line":6,"column":42}},"2":{"start":{"line":7,"column":12},"end":{"line":7,"column":21}},"3":{"start":{"line":10,"column":0},"end":{"line":10,"column":30}},"4":{"start":{"line":11,"column":0},"end":{"line":11,"column":49}},"5":{"start":{"line":14,"column":0},"end":{"line":14,"column":23}},"6":{"start":{"line":17,"column":0},"end":{"line":17,"column":48}},"7":{"start":{"line":19,"column":0},"end":{"line":19,"column":120}},"8":{"start":{"line":22,"column":0},"end":{"line":22,"column":45}},"9":{"start":{"line":23,"column":0},"end":{"line":23,"column":46}},"10":{"start":{"line":26,"column":0},"end":{"line":26,"column":26}},"11":{"start":{"line":30,"column":22},"end":{"line":32,"column":1}},"12":{"start":{"line":31,"column":2},"end":{"line":31,"column":63}}},"fnMap":{"0":{"name":"(anonymous_0)","decl":{"start":{"line":30,"column":63},"end":{"line":30,"column":64}},"loc":{"start":{"line":31,"column":2},"end":{"line":31,"column":63}},"line":31}},"branchMap":{"0":{"loc":{"start":{"line":30,"column":33},"end":{"line":30,"column":61}},"type":"binary-expr","locations":[{"start":{"line":30,"column":33},"end":{"line":30,"column":53}},{"start":{"line":30,"column":57},"end":{"line":30,"column":61}}],"line":30}},"s":{"0":1,"1":1,"2":1,"3":1,"4":1,"5":1,"6":1,"7":1,"8":1,"9":1,"10":1,"11":1,"12":1},"f":{"0":1},"b":{"0":[1,0]},"_coverageSchema":"332fd63041d2c1bcb487cc26dd0d5f7d97098a6c","hash":"c1fded348db9abc37f1ef0d7e7c5be3f1d9ae94d"}
,"/home/itspck/Integration/continuous integration/src/controllers/index.js": {"path":"/home/itspck/Integration/continuous integration/src/controllers/index.js","statementMap":{"0":{"start":{"line":1,"column":16},"end":{"line":1,"column":34}},"1":{"start":{"line":2,"column":12},"end":{"line":2,"column":21}},"2":{"start":{"line":3,"column":11},"end":{"line":3,"column":24}},"3":{"start":{"line":4,"column":19},"end":{"line":4,"column":40}},"4":{"start":{"line":5,"column":12},"end":{"line":5,"column":26}},"5":{"start":{"line":8,"column":0},"end":{"line":8,"column":23}},"6":{"start":{"line":9,"column":15},"end":{"line":9,"column":31}},"7":{"start":{"line":12,"column":0},"end":{"line":14,"column":3}},"8":{"start":{"line":13,"column":2},"end":{"line":13,"column":22}},"9":{"start":{"line":16,"column":0},"end":{"line":20,"column":3}},"10":{"start":{"line":17,"column":13},"end":{"line":17,"column":56}},"11":{"start":{"line":18,"column":14},"end":{"line":18,"column":30}},"12":{"start":{"line":19,"column":2},"end":{"line":19,"column":41}},"13":{"start":{"line":22,"column":0},"end":{"line":61,"column":2}},"14":{"start":{"line":23,"column":2},"end":{"line":60,"column":3}},"15":{"start":{"line":24,"column":19},"end":{"line":28,"column":5}},"16":{"start":{"line":29,"column":23},"end":{"line":29,"column":52}},"17":{"start":{"line":30,"column":4},"end":{"line":57,"column":5}},"18":{"start":{"line":31,"column":6},"end":{"line":31,"column":44}},"19":{"start":{"line":32,"column":6},"end":{"line":32,"column":12}},"20":{"start":{"line":34,"column":17},"end":{"line":34,"column":59}},"21":{"start":{"line":35,"column":16},"end":{"line":35,"column":32}},"22":{"start":{"line":36,"column":18},"end":{"line":38,"column":8}},"23":{"start":{"line":37,"column":8},"end":{"line":37,"column":39}},"24":{"start":{"line":39,"column":6},"end":{"line":56,"column":7}},"25":{"start":{"line":40,"column":24},"end":{"line":45,"column":9}},"26":{"start":{"line":46,"column":8},"end":{"line":46,"column":25}},"27":{"start":{"line":47,"column":8},"end":{"line":51,"column":10}},"28":{"start":{"line":48,"column":10},"end":{"line":50,"column":11}},"29":{"start":{"line":49,"column":12},"end":{"line":49,"column":28}},"30":{"start":{"line":52,"column":8},"end":{"line":52,"column":25}},"31":{"start":{"line":55,"column":8},"end":{"line":55,"column":57}},"32":{"start":{"line":59,"column":4},"end":{"line":59,"column":51}},"33":{"start":{"line":63,"column":0},"end":{"line":93,"column":2}},"34":{"start":{"line":64,"column":2},"end":{"line":92,"column":3}},"35":{"start":{"line":65,"column":19},"end":{"line":68,"column":5}},"36":{"start":{"line":69,"column":23},"end":{"line":69,"column":53}},"37":{"start":{"line":70,"column":4},"end":{"line":89,"column":5}},"38":{"start":{"line":71,"column":6},"end":{"line":71,"column":44}},"39":{"start":{"line":72,"column":6},"end":{"line":72,"column":12}},"40":{"start":{"line":74,"column":17},"end":{"line":74,"column":59}},"41":{"start":{"line":75,"column":16},"end":{"line":75,"column":32}},"42":{"start":{"line":76,"column":18},"end":{"line":78,"column":8}},"43":{"start":{"line":77,"column":8},"end":{"line":77,"column":39}},"44":{"start":{"line":79,"column":6},"end":{"line":88,"column":7}},"45":{"start":{"line":80,"column":8},"end":{"line":80,"column":54}},"46":{"start":{"line":82,"column":8},"end":{"line":87,"column":9}},"47":{"start":{"line":83,"column":10},"end":{"line":83,"column":39}},"48":{"start":{"line":84,"column":10},"end":{"line":84,"column":31}},"49":{"start":{"line":86,"column":10},"end":{"line":86,"column":55}},"50":{"start":{"line":91,"column":4},"end":{"line":91,"column":51}},"51":{"start":{"line":133,"column":0},"end":{"line":162,"column":2}},"52":{"start":{"line":134,"column":13},"end":{"line":134,"column":56}},"53":{"start":{"line":135,"column":12},"end":{"line":135,"column":28}},"54":{"start":{"line":136,"column":14},"end":{"line":138,"column":4}},"55":{"start":{"line":137,"column":4},"end":{"line":137,"column":35}},"56":{"start":{"line":139,"column":2},"end":{"line":160,"column":3}},"57":{"start":{"line":140,"column":4},"end":{"line":140,"column":30}},"58":{"start":{"line":141,"column":21},"end":{"line":147,"column":5}},"59":{"start":{"line":149,"column":4},"end":{"line":149,"column":22}},"60":{"start":{"line":150,"column":4},"end":{"line":150,"column":25}},"61":{"start":{"line":151,"column":4},"end":{"line":155,"column":6}},"62":{"start":{"line":152,"column":6},"end":{"line":154,"column":7}},"63":{"start":{"line":153,"column":8},"end":{"line":153,"column":29}},"64":{"start":{"line":156,"column":4},"end":{"line":156,"column":22}},"65":{"start":{"line":159,"column":4},"end":{"line":159,"column":48}},"66":{"start":{"line":164,"column":0},"end":{"line":170,"column":2}},"67":{"start":{"line":165,"column":2},"end":{"line":169,"column":3}},"68":{"start":{"line":166,"column":4},"end":{"line":166,"column":33}},"69":{"start":{"line":168,"column":4},"end":{"line":168,"column":33}}},"fnMap":{"0":{"name":"(anonymous_0)","decl":{"start":{"line":12,"column":16},"end":{"line":12,"column":17}},"loc":{"start":{"line":12,"column":30},"end":{"line":14,"column":1}},"line":12},"1":{"name":"(anonymous_1)","decl":{"start":{"line":16,"column":21},"end":{"line":16,"column":22}},"loc":{"start":{"line":16,"column":35},"end":{"line":20,"column":1}},"line":16},"2":{"name":"(anonymous_2)","decl":{"start":{"line":22,"column":23},"end":{"line":22,"column":24}},"loc":{"start":{"line":22,"column":37},"end":{"line":61,"column":1}},"line":22},"3":{"name":"(anonymous_3)","decl":{"start":{"line":36,"column":27},"end":{"line":36,"column":28}},"loc":{"start":{"line":36,"column":38},"end":{"line":38,"column":7}},"line":36},"4":{"name":"(anonymous_4)","decl":{"start":{"line":47,"column":68},"end":{"line":47,"column":69}},"loc":{"start":{"line":47,"column":83},"end":{"line":51,"column":9}},"line":47},"5":{"name":"(anonymous_5)","decl":{"start":{"line":63,"column":21},"end":{"line":63,"column":22}},"loc":{"start":{"line":63,"column":33},"end":{"line":93,"column":1}},"line":63},"6":{"name":"(anonymous_6)","decl":{"start":{"line":76,"column":32},"end":{"line":76,"column":33}},"loc":{"start":{"line":76,"column":43},"end":{"line":78,"column":7}},"line":76},"7":{"name":"addPizza","decl":{"start":{"line":129,"column":9},"end":{"line":129,"column":17}},"loc":{"start":{"line":129,"column":31},"end":{"line":131,"column":1}},"line":129},"8":{"name":"(anonymous_8)","decl":{"start":{"line":133,"column":26},"end":{"line":133,"column":27}},"loc":{"start":{"line":133,"column":38},"end":{"line":162,"column":1}},"line":133},"9":{"name":"(anonymous_9)","decl":{"start":{"line":136,"column":23},"end":{"line":136,"column":24}},"loc":{"start":{"line":136,"column":34},"end":{"line":138,"column":3}},"line":136},"10":{"name":"(anonymous_10)","decl":{"start":{"line":151,"column":64},"end":{"line":151,"column":65}},"loc":{"start":{"line":151,"column":79},"end":{"line":155,"column":5}},"line":151},"11":{"name":"(anonymous_11)","decl":{"start":{"line":164,"column":25},"end":{"line":164,"column":26}},"loc":{"start":{"line":164,"column":37},"end":{"line":170,"column":1}},"line":164}},"branchMap":{"0":{"loc":{"start":{"line":23,"column":2},"end":{"line":60,"column":3}},"type":"if","locations":[{"start":{"line":23,"column":2},"end":{"line":60,"column":3}},{"start":{"line":23,"column":2},"end":{"line":60,"column":3}}],"line":23},"1":{"loc":{"start":{"line":30,"column":4},"end":{"line":57,"column":5}},"type":"if","locations":[{"start":{"line":30,"column":4},"end":{"line":57,"column":5}},{"start":{"line":30,"column":4},"end":{"line":57,"column":5}}],"line":30},"2":{"loc":{"start":{"line":39,"column":6},"end":{"line":56,"column":7}},"type":"if","locations":[{"start":{"line":39,"column":6},"end":{"line":56,"column":7}},{"start":{"line":39,"column":6},"end":{"line":56,"column":7}}],"line":39},"3":{"loc":{"start":{"line":48,"column":10},"end":{"line":50,"column":11}},"type":"if","locations":[{"start":{"line":48,"column":10},"end":{"line":50,"column":11}},{"start":{"line":48,"column":10},"end":{"line":50,"column":11}}],"line":48},"4":{"loc":{"start":{"line":64,"column":2},"end":{"line":92,"column":3}},"type":"if","locations":[{"start":{"line":64,"column":2},"end":{"line":92,"column":3}},{"start":{"line":64,"column":2},"end":{"line":92,"column":3}}],"line":64},"5":{"loc":{"start":{"line":70,"column":4},"end":{"line":89,"column":5}},"type":"if","locations":[{"start":{"line":70,"column":4},"end":{"line":89,"column":5}},{"start":{"line":70,"column":4},"end":{"line":89,"column":5}}],"line":70},"6":{"loc":{"start":{"line":79,"column":6},"end":{"line":88,"column":7}},"type":"if","locations":[{"start":{"line":79,"column":6},"end":{"line":88,"column":7}},{"start":{"line":79,"column":6},"end":{"line":88,"column":7}}],"line":79},"7":{"loc":{"start":{"line":82,"column":8},"end":{"line":87,"column":9}},"type":"if","locations":[{"start":{"line":82,"column":8},"end":{"line":87,"column":9}},{"start":{"line":82,"column":8},"end":{"line":87,"column":9}}],"line":82},"8":{"loc":{"start":{"line":139,"column":2},"end":{"line":160,"column":3}},"type":"if","locations":[{"start":{"line":139,"column":2},"end":{"line":160,"column":3}},{"start":{"line":139,"column":2},"end":{"line":160,"column":3}}],"line":139},"9":{"loc":{"start":{"line":152,"column":6},"end":{"line":154,"column":7}},"type":"if","locations":[{"start":{"line":152,"column":6},"end":{"line":154,"column":7}},{"start":{"line":152,"column":6},"end":{"line":154,"column":7}}],"line":152},"10":{"loc":{"start":{"line":165,"column":2},"end":{"line":169,"column":3}},"type":"if","locations":[{"start":{"line":165,"column":2},"end":{"line":169,"column":3}},{"start":{"line":165,"column":2},"end":{"line":169,"column":3}}],"line":165}},"s":{"0":1,"1":1,"2":1,"3":1,"4":1,"5":1,"6":1,"7":1,"8":1,"9":1,"10":1,"11":1,"12":1,"13":1,"14":0,"15":0,"16":0,"17":0,"18":0,"19":0,"20":0,"21":0,"22":0,"23":0,"24":0,"25":0,"26":0,"27":0,"28":0,"29":0,"30":0,"31":0,"32":0,"33":1,"34":0,"35":0,"36":0,"37":0,"38":0,"39":0,"40":0,"41":0,"42":0,"43":0,"44":0,"45":0,"46":0,"47":0,"48":0,"49":0,"50":0,"51":1,"52":1,"53":1,"54":1,"55":14,"56":1,"57":1,"58":1,"59":0,"60":0,"61":0,"62":0,"63":0,"64":0,"65":0,"66":1,"67":0,"68":0,"69":0},"f":{"0":1,"1":1,"2":0,"3":0,"4":0,"5":0,"6":0,"7":0,"8":1,"9":14,"10":0,"11":0},"b":{"0":[0,0],"1":[0,0],"2":[0,0],"3":[0,0],"4":[0,0],"5":[0,0],"6":[0,0],"7":[0,0],"8":[1,0],"9":[0,0],"10":[0,0]},"_coverageSchema":"332fd63041d2c1bcb487cc26dd0d5f7d97098a6c","hash":"8107e86ac84f819eff20f5c0f7dba3454d6992d9"}
}
