TN:
SF:/home/itspck/Integration/continuous integration/src/index.js
FN:30,(anonymous_0)
FNF:1
FNH:1
FNDA:1,(anonymous_0)
DA:1,1
DA:6,1
DA:7,1
DA:10,1
DA:11,1
DA:14,1
DA:17,1
DA:19,1
DA:22,1
DA:23,1
DA:26,1
DA:30,1
DA:31,1
LF:13
LH:13
BRDA:30,0,0,1
BRDA:30,0,1,0
BRF:2
BRH:1
end_of_record
TN:
SF:/home/itspck/Integration/continuous integration/src/controllers/index.js
FN:12,(anonymous_0)
FN:16,(anonymous_1)
FN:22,(anonymous_2)
FN:36,(anonymous_3)
FN:47,(anonymous_4)
FN:63,(anonymous_5)
FN:76,(anonymous_6)
FN:129,addPizza
FN:133,(anonymous_8)
FN:136,(anonymous_9)
FN:151,(anonymous_10)
FN:164,(anonymous_11)
FNF:12
FNH:4
FNDA:1,(anonymous_0)
FNDA:1,(anonymous_1)
FNDA:0,(anonymous_2)
FNDA:0,(anonymous_3)
FNDA:0,(anonymous_4)
FNDA:0,(anonymous_5)
FNDA:0,(anonymous_6)
FNDA:0,addPizza
FNDA:1,(anonymous_8)
FNDA:16,(anonymous_9)
FNDA:0,(anonymous_10)
FNDA:0,(anonymous_11)
DA:1,1
DA:2,1
DA:3,1
DA:4,1
DA:5,1
DA:8,1
DA:9,1
DA:12,1
DA:13,1
DA:16,1
DA:17,1
DA:18,1
DA:19,1
DA:22,1
DA:23,0
DA:24,0
DA:29,0
DA:30,0
DA:31,0
DA:32,0
DA:34,0
DA:35,0
DA:36,0
DA:37,0
DA:39,0
DA:40,0
DA:46,0
DA:47,0
DA:48,0
DA:49,0
DA:52,0
DA:55,0
DA:59,0
DA:63,1
DA:64,0
DA:65,0
DA:69,0
DA:70,0
DA:71,0
DA:72,0
DA:74,0
DA:75,0
DA:76,0
DA:77,0
DA:79,0
DA:80,0
DA:82,0
DA:83,0
DA:84,0
DA:86,0
DA:91,0
DA:133,1
DA:134,1
DA:135,1
DA:136,1
DA:137,16
DA:139,1
DA:140,1
DA:141,1
DA:149,0
DA:150,0
DA:151,0
DA:152,0
DA:153,0
DA:156,0
DA:159,0
DA:164,1
DA:165,0
DA:166,0
DA:168,0
LF:70
LH:24
BRDA:23,0,0,0
BRDA:23,0,1,0
BRDA:30,1,0,0
BRDA:30,1,1,0
BRDA:39,2,0,0
BRDA:39,2,1,0
BRDA:48,3,0,0
BRDA:48,3,1,0
BRDA:64,4,0,0
BRDA:64,4,1,0
BRDA:70,5,0,0
BRDA:70,5,1,0
BRDA:79,6,0,0
BRDA:79,6,1,0
BRDA:82,7,0,0
BRDA:82,7,1,0
BRDA:139,8,0,1
BRDA:139,8,1,0
BRDA:152,9,0,0
BRDA:152,9,1,0
BRDA:165,10,0,0
BRDA:165,10,1,0
BRF:22
BRH:1
end_of_record
TN:
SF:/home/itspck/Integration/continuous integration/src/utils/add.js
FN:1,(anonymous_0)
FNF:1
FNH:1
FNDA:1,(anonymous_0)
DA:1,1
LF:1
LH:1
BRF:0
BRH:0
end_of_record
